!SESSION 2013-11-10 22:00:12.841 -----------------------------------------------
eclipse.buildId=unknown
java.version=1.7.0_21
java.vendor=Oracle Corporation
BootLoader constants: OS=win32, ARCH=x86_64, WS=win32, NL=de_DE
Framework arguments:  -application org.eclipse.ui.ide.workbench
Command-line arguments:  -application org.eclipse.ui.ide.workbench -data G:\fpa-eclipse-win32-64\eclipse-workspace/../runtime-e.bht.fpa.mail.s797399.main.application -dev file:G:/fpa-eclipse-win32-64/eclipse-workspace/.metadata/.plugins/org.eclipse.pde.core/e.bht.fpa.mail.s797399.main.application/dev.properties -os win32 -ws win32 -arch x86_64 -consoleLog

!ENTRY org.eclipse.osgi 4 0 2013-11-10 22:00:13.317
!MESSAGE Application error
!STACK 1
java.lang.RuntimeException: Application "org.eclipse.ui.ide.workbench" could not be found in the registry. The applications available are: org.eclipse.equinox.app.error, de.bht.fpa.mail.s797399.main.application.
	at org.eclipse.equinox.internal.app.EclipseAppContainer.startDefaultApp(EclipseAppContainer.java:248)
	at org.eclipse.equinox.internal.app.MainApplicationLauncher.run(MainApplicationLauncher.java:29)
	at org.eclipse.core.runtime.internal.adaptor.EclipseAppLauncher.runApplication(EclipseAppLauncher.java:110)
	at org.eclipse.core.runtime.internal.adaptor.EclipseAppLauncher.start(EclipseAppLauncher.java:79)
	at org.eclipse.core.runtime.adaptor.EclipseStarter.run(EclipseStarter.java:344)
	at org.eclipse.core.runtime.adaptor.EclipseStarter.run(EclipseStarter.java:179)
	at sun.reflect.NativeMethodAccessorImpl.invoke0(Native Method)
	at sun.reflect.NativeMethodAccessorImpl.invoke(Unknown Source)
	at sun.reflect.DelegatingMethodAccessorImpl.invoke(Unknown Source)
	at java.lang.reflect.Method.invoke(Unknown Source)
	at org.eclipse.equinox.launcher.Main.invokeFramework(Main.java:622)
	at org.eclipse.equinox.launcher.Main.basicRun(Main.java:577)
	at org.eclipse.equinox.launcher.Main.run(Main.java:1410)
	at org.eclipse.equinox.launcher.Main.main(Main.java:1386)
